<?xml version="1.0" encoding="UTF-8"?>
<testng-results ignored="0" total="1" passed="1" failed="0" skipped="0">
  <reporter-output>
  </reporter-output>
  <suite started-at="2023-05-03T17:06:21 IST" name="Default suite" finished-at="2023-05-03T17:06:25 IST" duration-ms="3630">
    <groups>
    </groups>
    <test started-at="2023-05-03T17:06:21 IST" name="Default test" finished-at="2023-05-03T17:06:25 IST" duration-ms="3630">
      <class name="params.MultiPart">
        <test-method signature="fileUploadTest()[pri:0, instance:params.MultiPart@3bf9ce3e]" started-at="2023-05-03T17:06:21 IST" name="fileUploadTest" finished-at="2023-05-03T17:06:25 IST" duration-ms="3601" status="PASS">
          <reporter-output>
          </reporter-output>
        </test-method> <!-- fileUploadTest -->
      </class> <!-- params.MultiPart -->
    </test> <!-- Default test -->
  </suite> <!-- Default suite -->
</testng-results>
